Build started 16/12/2015 18:23:25.
     1>Project "C:\Users\rakan\Documents\GitHub\GP1--Submission\Rakan\Rakan\Rakan.vcxproj" on node 2 (Rebuild target(s)).
     1>ClCompile:
         C:\Program Files (x86)\Microsoft Visual Studio 14.0\VC\bin\CL.exe /c /ZI /nologo /W3 /WX- /sdl /Od /Oy- /D _MBCS /Gm /EHsc /RTC1 /MDd /GS /fp:precise /Zc:wchar_t /Zc:forScope /Zc:inline /Fo"Debug\\" /Fd"Debug\vc140.pdb" /Gd /TP /analyze- /errorReport:prompt asteroidsGame.cpp cAsteroid.cpp cBkGround.cpp cBullet.cpp cButton.cpp cFont.cpp cFontMgr.cpp cInputMgr.cpp cRocket.cpp cSound.cpp cSoundMgr.cpp cSprite.cpp cTexture.cpp cWNDManager.cpp main.cpp windowOGL.cpp
         windowOGL.cpp
         main.cpp
         cWNDManager.cpp
         cTexture.cpp
         cSprite.cpp
     1>c:\users\rakan\documents\github\gp1--submission\rakan\rakan\csprite.cpp(106): warning C4244: '=': conversion from 'int' to 'float', possible loss of data
     1>c:\users\rakan\documents\github\gp1--submission\rakan\rakan\csprite.cpp(107): warning C4244: '=': conversion from 'int' to 'float', possible loss of data
     1>c:\users\rakan\documents\github\gp1--submission\rakan\rakan\csprite.cpp(180): warning C4244: 'argument': conversion from 'int' to 'GLfloat', possible loss of data
     1>c:\users\rakan\documents\github\gp1--submission\rakan\rakan\csprite.cpp(182): warning C4244: 'argument': conversion from 'int' to 'GLfloat', possible loss of data
     1>c:\users\rakan\documents\github\gp1--submission\rakan\rakan\csprite.cpp(184): warning C4244: 'argument': conversion from 'int' to 'GLfloat', possible loss of data
     1>c:\users\rakan\documents\github\gp1--submission\rakan\rakan\csprite.cpp(206): warning C4244: '=': conversion from 'int' to 'float', possible loss of data
     1>c:\users\rakan\documents\github\gp1--submission\rakan\rakan\csprite.cpp(241): warning C4244: '=': conversion from 'float' to 'LONG', possible loss of data
     1>c:\users\rakan\documents\github\gp1--submission\rakan\rakan\csprite.cpp(242): warning C4244: '=': conversion from 'float' to 'LONG', possible loss of data
     1>c:\users\rakan\documents\github\gp1--submission\rakan\rakan\csprite.cpp(243): warning C4244: '=': conversion from 'float' to 'LONG', possible loss of data
     1>c:\users\rakan\documents\github\gp1--submission\rakan\rakan\csprite.cpp(244): warning C4244: '=': conversion from 'float' to 'LONG', possible loss of data
     1>c:\users\rakan\documents\github\gp1--submission\rakan\rakan\csprite.cpp(301): warning C4244: 'argument': conversion from 'LONG' to 'GLfloat', possible loss of data
     1>c:\users\rakan\documents\github\gp1--submission\rakan\rakan\csprite.cpp(313): warning C4244: 'argument': conversion from 'int' to 'GLfloat', possible loss of data
     1>c:\users\rakan\documents\github\gp1--submission\rakan\rakan\csprite.cpp(314): warning C4244: 'argument': conversion from 'int' to 'GLfloat', possible loss of data
     1>c:\users\rakan\documents\github\gp1--submission\rakan\rakan\csprite.cpp(315): warning C4244: 'argument': conversion from 'int' to 'GLfloat', possible loss of data
         cSoundMgr.cpp
         cSound.cpp
         cRocket.cpp
     1>c:\users\rakan\documents\github\gp1--submission\rakan\rakan\crocket.cpp(23): warning C4244: 'argument': conversion from 'int' to 'GLfloat', possible loss of data
     1>c:\users\rakan\documents\github\gp1--submission\rakan\rakan\crocket.cpp(25): warning C4244: 'argument': conversion from 'int' to 'GLfloat', possible loss of data
     1>c:\users\rakan\documents\github\gp1--submission\rakan\rakan\crocket.cpp(27): warning C4244: 'argument': conversion from 'int' to 'GLfloat', possible loss of data
     1>c:\users\rakan\documents\github\gp1--submission\rakan\rakan\crocket.cpp(29): warning C4244: 'argument': conversion from 'int' to 'GLfloat', possible loss of data
     1>c:\users\rakan\documents\github\gp1--submission\rakan\rakan\crocket.cpp(68): warning C4244: '=': conversion from 'int' to 'float', possible loss of data
         cInputMgr.cpp
         cFontMgr.cpp
         cFont.cpp
     1>c:\users\rakan\documents\github\gp1--submission\rakan\rakan\cfont.cpp(68): warning C4244: 'argument': conversion from 'FTGL_DOUBLE' to 'GLfloat', possible loss of data
         cButton.cpp
     1>c:\users\rakan\documents\github\gp1--submission\rakan\rakan\cbutton.cpp(41): warning C4244: 'argument': conversion from 'int' to 'GLfloat', possible loss of data
     1>c:\users\rakan\documents\github\gp1--submission\rakan\rakan\cbutton.cpp(43): warning C4244: 'argument': conversion from 'int' to 'GLfloat', possible loss of data
     1>c:\users\rakan\documents\github\gp1--submission\rakan\rakan\cbutton.cpp(45): warning C4244: 'argument': conversion from 'int' to 'GLfloat', possible loss of data
     1>c:\users\rakan\documents\github\gp1--submission\rakan\rakan\cbutton.cpp(71): warning C4244: 'argument': conversion from 'int' to 'GLfloat', possible loss of data
     1>c:\users\rakan\documents\github\gp1--submission\rakan\rakan\cbutton.cpp(73): warning C4244: 'argument': conversion from 'int' to 'GLfloat', possible loss of data
     1>c:\users\rakan\documents\github\gp1--submission\rakan\rakan\cbutton.cpp(75): warning C4244: 'argument': conversion from 'int' to 'GLfloat', possible loss of data
         cBullet.cpp
     1>c:\users\rakan\documents\github\gp1--submission\rakan\rakan\cbullet.cpp(23): warning C4244: 'argument': conversion from 'int' to 'GLfloat', possible loss of data
     1>c:\users\rakan\documents\github\gp1--submission\rakan\rakan\cbullet.cpp(25): warning C4244: 'argument': conversion from 'int' to 'GLfloat', possible loss of data
     1>c:\users\rakan\documents\github\gp1--submission\rakan\rakan\cbullet.cpp(27): warning C4244: 'argument': conversion from 'int' to 'GLfloat', possible loss of data
     1>c:\users\rakan\documents\github\gp1--submission\rakan\rakan\cbullet.cpp(29): warning C4244: 'argument': conversion from 'int' to 'GLfloat', possible loss of data
     1>c:\users\rakan\documents\github\gp1--submission\rakan\rakan\cbullet.cpp(91): warning C4244: 'argument': conversion from 'LONG' to 'GLfloat', possible loss of data
     1>c:\users\rakan\documents\github\gp1--submission\rakan\rakan\cbullet.cpp(102): warning C4244: 'argument': conversion from 'LONG' to 'GLfloat', possible loss of data
     1>c:\users\rakan\documents\github\gp1--submission\rakan\rakan\cbullet.cpp(103): warning C4244: 'argument': conversion from 'LONG' to 'GLfloat', possible loss of data
     1>c:\users\rakan\documents\github\gp1--submission\rakan\rakan\cbullet.cpp(104): warning C4244: 'argument': conversion from 'LONG' to 'GLfloat', possible loss of data
     1>c:\users\rakan\documents\github\gp1--submission\rakan\rakan\cbullet.cpp(105): warning C4244: 'argument': conversion from 'LONG' to 'GLfloat', possible loss of data
         cBkGround.cpp
         cAsteroid.cpp
     1>c:\users\rakan\documents\github\gp1--submission\rakan\rakan\casteroid.cpp(25): warning C4244: 'argument': conversion from 'int' to 'GLfloat', possible loss of data
     1>c:\users\rakan\documents\github\gp1--submission\rakan\rakan\casteroid.cpp(27): warning C4244: 'argument': conversion from 'int' to 'GLfloat', possible loss of data
     1>c:\users\rakan\documents\github\gp1--submission\rakan\rakan\casteroid.cpp(29): warning C4244: 'argument': conversion from 'int' to 'GLfloat', possible loss of data
     1>c:\users\rakan\documents\github\gp1--submission\rakan\rakan\casteroid.cpp(31): warning C4244: 'argument': conversion from 'int' to 'GLfloat', possible loss of data
     1>c:\users\rakan\documents\github\gp1--submission\rakan\rakan\casteroid.cpp(85): warning C4244: 'argument': conversion from 'LONG' to 'GLfloat', possible loss of data
     1>c:\users\rakan\documents\github\gp1--submission\rakan\rakan\casteroid.cpp(96): warning C4244: 'argument': conversion from 'LONG' to 'GLfloat', possible loss of data
     1>c:\users\rakan\documents\github\gp1--submission\rakan\rakan\casteroid.cpp(97): warning C4244: 'argument': conversion from 'LONG' to 'GLfloat', possible loss of data
     1>c:\users\rakan\documents\github\gp1--submission\rakan\rakan\casteroid.cpp(98): warning C4244: 'argument': conversion from 'LONG' to 'GLfloat', possible loss of data
     1>c:\users\rakan\documents\github\gp1--submission\rakan\rakan\casteroid.cpp(99): warning C4244: 'argument': conversion from 'LONG' to 'GLfloat', possible loss of data
         asteroidsGame.cpp
         Generating Code...
       Link:
         C:\Program Files (x86)\Microsoft Visual Studio 14.0\VC\bin\link.exe /ERRORREPORT:PROMPT /OUT:"C:\Users\rakan\Documents\GitHub\GP1--Submission\Rakan\Debug\Rakan.exe" /INCREMENTAL /NOLOGO kernel32.lib user32.lib gdi32.lib winspool.lib comdlg32.lib advapi32.lib shell32.lib ole32.lib oleaut32.lib uuid.lib odbc32.lib odbccp32.lib /MANIFEST /MANIFESTUAC:"level='asInvoker' uiAccess='false'" /manifest:embed /Debug /PDB:"C:\Users\rakan\Documents\GitHub\GP1--Submission\Rakan\Debug\Rakan.pdb" /TLBID:1 /DYNAMICBASE /NXCOMPAT /IMPLIB:"C:\Users\rakan\Documents\GitHub\GP1--Submission\Rakan\Debug\Rakan.lib" /MACHINE:X86 Debug\asteroidsGame.obj
         Debug\cAsteroid.obj
         Debug\cBkGround.obj
         Debug\cBullet.obj
         Debug\cButton.obj
         Debug\cFont.obj
         Debug\cFontMgr.obj
         Debug\cInputMgr.obj
         Debug\cRocket.obj
         Debug\cSound.obj
         Debug\cSoundMgr.obj
         Debug\cSprite.obj
         Debug\cTexture.obj
         Debug\cWNDManager.obj
         Debug\main.obj
         Debug\windowOGL.obj
         Libraries\alut.lib
         Libraries\DevIL.lib
         Libraries\freeglut.lib
         Libraries\ftgl.lib
         Libraries\ILU.lib
         Libraries\ILUT.lib
         Libraries\OpenAL32.lib
         Rakan.vcxproj -> C:\Users\rakan\Documents\GitHub\GP1--Submission\Rakan\Debug\Rakan.exe
     1>Done Building Project "C:\Users\rakan\Documents\GitHub\GP1--Submission\Rakan\Rakan\Rakan.vcxproj" (Rebuild target(s)).

Build succeeded.

Time Elapsed 00:00:10.41
