c:\users\rakan\documents\rakan\rakan\debug\vc140.pdb
c:\users\rakan\documents\rakan\rakan\debug\vc140.idb
c:\users\rakan\documents\rakan\rakan\debug\asteroidsgame.obj
c:\users\rakan\documents\rakan\rakan\debug\casteroid.obj
c:\users\rakan\documents\rakan\rakan\debug\cbkground.obj
c:\users\rakan\documents\rakan\rakan\debug\cbullet.obj
c:\users\rakan\documents\rakan\rakan\debug\cbutton.obj
c:\users\rakan\documents\rakan\rakan\debug\cfont.obj
c:\users\rakan\documents\rakan\rakan\debug\cfontmgr.obj
c:\users\rakan\documents\rakan\rakan\debug\cinputmgr.obj
c:\users\rakan\documents\rakan\rakan\debug\crocket.obj
c:\users\rakan\documents\rakan\rakan\debug\csound.obj
c:\users\rakan\documents\rakan\rakan\debug\csoundmgr.obj
c:\users\rakan\documents\rakan\rakan\debug\csprite.obj
c:\users\rakan\documents\rakan\rakan\debug\ctexture.obj
c:\users\rakan\documents\rakan\rakan\debug\cwndmanager.obj
c:\users\rakan\documents\rakan\rakan\debug\main.obj
c:\users\rakan\documents\rakan\rakan\debug\windowogl.obj
c:\users\rakan\documents\github\gp1--submission\rakan\rakan\debug\vc140.pdb
c:\users\rakan\documents\github\gp1--submission\rakan\rakan\debug\vc140.idb
c:\users\rakan\documents\github\gp1--submission\rakan\rakan\debug\asteroidsgame.obj
c:\users\rakan\documents\github\gp1--submission\rakan\rakan\debug\casteroid.obj
c:\users\rakan\documents\github\gp1--submission\rakan\rakan\debug\cbkground.obj
c:\users\rakan\documents\github\gp1--submission\rakan\rakan\debug\cbullet.obj
c:\users\rakan\documents\github\gp1--submission\rakan\rakan\debug\cbutton.obj
c:\users\rakan\documents\github\gp1--submission\rakan\rakan\debug\cfont.obj
c:\users\rakan\documents\github\gp1--submission\rakan\rakan\debug\cfontmgr.obj
c:\users\rakan\documents\github\gp1--submission\rakan\rakan\debug\cinputmgr.obj
c:\users\rakan\documents\github\gp1--submission\rakan\rakan\debug\crocket.obj
c:\users\rakan\documents\github\gp1--submission\rakan\rakan\debug\csound.obj
c:\users\rakan\documents\github\gp1--submission\rakan\rakan\debug\csoundmgr.obj
c:\users\rakan\documents\github\gp1--submission\rakan\rakan\debug\csprite.obj
c:\users\rakan\documents\github\gp1--submission\rakan\rakan\debug\ctexture.obj
c:\users\rakan\documents\github\gp1--submission\rakan\rakan\debug\cwndmanager.obj
c:\users\rakan\documents\github\gp1--submission\rakan\rakan\debug\main.obj
c:\users\rakan\documents\github\gp1--submission\rakan\rakan\debug\windowogl.obj
c:\users\rakan\documents\rakan\debug\rakan.ilk
c:\users\rakan\documents\rakan\debug\rakan.exe
c:\users\rakan\documents\rakan\debug\rakan.pdb
c:\users\rakan\documents\github\gp1--submission\rakan\rakan\debug\rakan.ilk
c:\users\rakan\documents\github\gp1--submission\rakan\rakan\debug\vc120.idb
c:\users\rakan\documents\github\gp1--submission\rakan\rakan\debug\rakan.pdb
c:\users\rakan\documents\github\gp1--submission\rakan\rakan\debug\vc120.pdb
c:\users\rakan\documents\github\gp1--submission\rakan\debug\rakan.pdb
c:\users\rakan\documents\github\gp1--submission\rakan\rakan\debug\rakan.tlog\cl.command.1.tlog
c:\users\rakan\documents\github\gp1--submission\rakan\rakan\debug\rakan.tlog\cl.read.1.tlog
c:\users\rakan\documents\github\gp1--submission\rakan\rakan\debug\rakan.tlog\cl.write.1.tlog
c:\users\rakan\documents\github\gp1--submission\rakan\rakan\debug\rakan.tlog\link.command.1.tlog
c:\users\rakan\documents\github\gp1--submission\rakan\rakan\debug\rakan.tlog\link.read.1.tlog
c:\users\rakan\documents\github\gp1--submission\rakan\rakan\debug\rakan.tlog\link.write.1.tlog
